
{
  "Number_": "21",
  "Color_": "RED",
  "STATUS_": "WIN",
  "IMG_PATH": "./IMG/RESULT_IMG_0.png",
  "CYCLE": 1
}
{
  "Number_": "32",
  "Color_": "RED",
  "STATUS_": "WIN",
  "IMG_PATH": "./IMG/RESULT_IMG_1.png",
  "CYCLE": 2
}
{
  "Number_": "12",
  "Color_": "RED",
  "STATUS_": "WIN",
  "IMG_PATH": "./IMG/RESULT_IMG_2.png",
  "CYCLE": 3
}
{
  "Number_": "6",
  "Color_": "BLACK",
  "STATUS_": "LOSE",
  "IMG_PATH": "./IMG/RESULT_IMG_3.png",
  "CYCLE": 4
}
{
  "Number_": "29",
  "Color_": "BLACK",
  "STATUS_": "LOSE",
  "IMG_PATH": "./IMG/RESULT_IMG_4.png",
  "CYCLE": 5
}
{
  "Number_": "19",
  "Color_": "RED",
  "STATUS_": "WIN",
  "IMG_PATH": "./IMG/RESULT_IMG_5.png",
  "CYCLE": 6
}
{
  "Number_": "9",
  "Color_": "RED",
  "STATUS_": "WIN",
  "IMG_PATH": "./IMG/RESULT_IMG_6.png",
  "CYCLE": 7
}
{
  "Number_": "",
  "Color_": "BLACK",
  "STATUS_": "LOSE",
  "IMG_PATH": "./IMG/RESULT_IMG_7.png",
  "CYCLE": 8
}
{
  "Number_": "5",
  "Color_": "RED",
  "STATUS_": "WIN",
  "IMG_PATH": "./IMG/RESULT_IMG_8.png",
  "CYCLE": 9
}
{
  "Number_": "27",
  "Color_": "RED",
  "STATUS_": "WIN",
  "IMG_PATH": "./IMG/RESULT_IMG_9.png",
  "CYCLE": 10
}
{
  "Number_": "23",
  "Color_": "RED",
  "STATUS_": "WIN",
  "IMG_PATH": "./IMG/RESULT_IMG_10.png",
  "CYCLE": 11
}
{
  "Number_": "10",
  "Color_": "BLACK",
  "STATUS_": "LOSE",
  "IMG_PATH": "./IMG/RESULT_IMG_11.png",
  "CYCLE": 12
}
{
  "Number_": "0",
  "Color_": "BLACK",
  "STATUS_": "LOSE",
  "IMG_PATH": "./IMG/RESULT_IMG_12.png",
  "CYCLE": 13
}
{
  "Number_": "36",
  "Color_": "RED",
  "STATUS_": "WIN",
  "IMG_PATH": "./IMG/RESULT_IMG_13.png",
  "CYCLE": 14
}
{
  "Number_": "22",
  "Color_": "BLACK",
  "STATUS_": "LOSE",
  "IMG_PATH": "./IMG/RESULT_IMG_14.png",
  "CYCLE": 15
}
{
  "Number_": "26",
  "Color_": "BLACK",
  "STATUS_": "LOSE",
  "IMG_PATH": "./IMG/RESULT_IMG_15.png",
  "CYCLE": 16
}
{
  "Number_": "24",
  "Color_": "BLACK",
  "STATUS_": "LOSE",
  "IMG_PATH": "./IMG/RESULT_IMG_16.png",
  "CYCLE": 17
}
{
  "Number_": "19",
  "Color_": "RED",
  "STATUS_": "WIN",
  "IMG_PATH": "./IMG/RESULT_IMG_17.png",
  "CYCLE": 18
}
{
  "Number_": "27",
  "Color_": "RED",
  "STATUS_": "WIN",
  "IMG_PATH": "./IMG/RESULT_IMG_18.png",
  "CYCLE": 19
}
{
  "Number_": "22",
  "Color_": "BLACK",
  "STATUS_": "LOSE",
  "IMG_PATH": "./IMG/RESULT_IMG_19.png",
  "CYCLE": 20
}
{
  "Number_": "",
  "Color_": "BLACK",
  "STATUS_": "LOSE",
  "IMG_PATH": "./IMG/RESULT_IMG_20.png",
  "CYCLE": 21
}
{
  "Number_": "",
  "Color_": "BLACK",
  "STATUS_": "LOSE",
  "IMG_PATH": "./IMG/RESULT_IMG_21.png",
  "CYCLE": 22
}
{
  "Number_": "",
  "Color_": "BLACK",
  "STATUS_": "LOSE",
  "IMG_PATH": "./IMG/RESULT_IMG_22.png",
  "CYCLE": 23
}
{
  "Number_": "",
  "Color_": "BLACK",
  "STATUS_": "LOSE",
  "IMG_PATH": "./IMG/RESULT_IMG_23.png",
  "CYCLE": 24
}
{
  "Number_": "23",
  "Color_": "RED",
  "STATUS_": "WIN",
  "IMG_PATH": "./IMG/RESULT_IMG_0.png",
  "CYCLE": 1
}
{
  "Number_": "20",
  "Color_": "BLACK",
  "STATUS_": "LOSE",
  "IMG_PATH": "./IMG/RESULT_IMG_1.png",
  "CYCLE": 2
}
{
  "Number_": "27",
  "Color_": "RED",
  "STATUS_": "WIN",
  "IMG_PATH": "./IMG/RESULT_IMG_2.png",
  "CYCLE": 3
}
{
  "Number_": "11",
  "Color_": "BLACK",
  "STATUS_": "LOSE",
  "IMG_PATH": "./IMG/RESULT_IMG_3.png",
  "CYCLE": 4
}
{
  "Number_": "21",
  "Color_": "RED",
  "STATUS_": "WIN",
  "IMG_PATH": "./IMG/RESULT_IMG_4.png",
  "CYCLE": 5
}
{
  "Number_": "9",
  "Color_": "RED",
  "STATUS_": "WIN",
  "IMG_PATH": "./IMG/RESULT_IMG_5.png",
  "CYCLE": 6
}
{
  "Number_": "26",
  "Color_": "BLACK",
  "STATUS_": "LOSE",
  "IMG_PATH": "./IMG/RESULT_IMG_6.png",
  "CYCLE": 7
}
{
  "Number_": "3",
  "Color_": "RED",
  "STATUS_": "WIN",
  "IMG_PATH": "./IMG/RESULT_IMG_7.png",
  "CYCLE": 8
}
{
  "Number_": "20",
  "Color_": "BLACK",
  "STATUS_": "LOSE",
  "IMG_PATH": "./IMG/RESULT_IMG_8.png",
  "CYCLE": 9
}
{
  "Number_": "23",
  "Color_": "RED",
  "STATUS_": "WIN",
  "IMG_PATH": "./IMG/RESULT_IMG_9.png",
  "CYCLE": 10
}
{
  "Number_": "30",
  "Color_": "RED",
  "STATUS_": "WIN",
  "IMG_PATH": "./IMG/RESULT_IMG_10.png",
  "CYCLE": 11
}
{
  "Number_": "",
  "Color_": "BLACK",
  "STATUS_": "LOSE",
  "IMG_PATH": "./IMG/RESULT_IMG_11.png",
  "CYCLE": 12
}
{
  "Number_": "20",
  "Color_": "BLACK",
  "STATUS_": "LOSE",
  "IMG_PATH": "./IMG/RESULT_IMG_12.png",
  "CYCLE": 13
}
{
  "Number_": "13",
  "Color_": "BLACK",
  "STATUS_": "LOSE",
  "IMG_PATH": "./IMG/RESULT_IMG_13.png",
  "CYCLE": 14
}
{
  "Number_": "18",
  "Color_": "RED",
  "STATUS_": "WIN",
  "IMG_PATH": "./IMG/RESULT_IMG_14.png",
  "CYCLE": 15
}
{
  "Number_": "30",
  "Color_": "RED",
  "STATUS_": "WIN",
  "IMG_PATH": "./IMG/RESULT_IMG_15.png",
  "CYCLE": 16
}
{
  "Number_": "20",
  "Color_": "BLACK",
  "STATUS_": "LOSE",
  "IMG_PATH": "./IMG/RESULT_IMG_16.png",
  "CYCLE": 17
}
{
  "Number_": "6",
  "Color_": "BLACK",
  "STATUS_": "LOSE",
  "IMG_PATH": "./IMG/RESULT_IMG_17.png",
  "CYCLE": 18
}
{
  "Number_": "0",
  "Color_": "BLACK",
  "STATUS_": "LOSE",
  "IMG_PATH": "./IMG/RESULT_IMG_18.png",
  "CYCLE": 19
}
